This is pdfTeX, Version 3.14159265-2.6-1.40.17 (TeX Live 2016) (preloaded format=pdflatex 2016.5.22)  17 MAR 2017 02:10
entering extended mode
 restricted \write18 enabled.
 %&-line parsing enabled.
**"User Manual.tex"
(./User Manual.tex
LaTeX2e <2016/03/31>
Babel <3.9r> and hyphenation patterns for 83 language(s) loaded.
(/usr/local/texlive/2016/texmf-dist/tex/latex/base/article.cls
Document Class: article 2014/09/29 v1.4h Standard LaTeX document class
(/usr/local/texlive/2016/texmf-dist/tex/latex/base/size11.clo
File: size11.clo 2014/09/29 v1.4h Standard LaTeX file (size option)
)
\c@part=\count79
\c@section=\count80
\c@subsection=\count81
\c@subsubsection=\count82
\c@paragraph=\count83
\c@subparagraph=\count84
\c@figure=\count85
\c@table=\count86
\abovecaptionskip=\skip41
\belowcaptionskip=\skip42
\bibindent=\dimen102
)
(/usr/local/texlive/2016/texmf-dist/tex/latex/comment/comment.sty
\CommentStream=\write3

Excluding comment 'comment')
(/usr/local/texlive/2016/texmf-dist/tex/latex/preprint/fullpage.sty
Package: fullpage 1999/02/23 1.1 (PWD)
\FP@margin=\skip43
)
(/usr/local/texlive/2016/texmf-dist/tex/latex/vhistory/vhistory.sty
Package: vhistory 

(/usr/local/texlive/2016/texmf-dist/tex/latex/carlisle/ltxtable.sty
Package: ltxtable 1995/12/11 v0.2 longtable/tabularx merge (DPC)

(/usr/local/texlive/2016/texmf-dist/tex/latex/tools/tabularx.sty
Package: tabularx 2016/02/03 v2.11 `tabularx' package (DPC)

(/usr/local/texlive/2016/texmf-dist/tex/latex/tools/array.sty
Package: array 2014/10/28 v2.4c Tabular extension package (FMi)
\col@sep=\dimen103
\extrarowheight=\dimen104
\NC@list=\toks14
\extratabsurround=\skip44
\backup@length=\skip45
)
\TX@col@width=\dimen105
\TX@old@table=\dimen106
\TX@old@col=\dimen107
\TX@target=\dimen108
\TX@delta=\dimen109
\TX@cols=\count87
\TX@ftn=\toks15
)
(/usr/local/texlive/2016/texmf-dist/tex/latex/tools/longtable.sty
Package: longtable 2014/10/28 v4.11 Multi-page Table package (DPC)
\LTleft=\skip46
\LTright=\skip47
\LTpre=\skip48
\LTpost=\skip49
\LTchunksize=\count88
\LTcapwidth=\dimen110
\LT@head=\box26
\LT@firsthead=\box27
\LT@foot=\box28
\LT@lastfoot=\box29
\LT@cols=\count89
\LT@rows=\count90
\c@LT@tables=\count91
\c@LT@chunks=\count92
\LT@p@ftn=\toks16
))
(/usr/local/texlive/2016/texmf-dist/tex/latex/vhistory/sets.sty
Package: sets 
\c@s@tlength=\count93
)
Reading file "User Manual".hst...
(./User Manual.hst)
\vh@verfile=\write4
)
(/usr/local/texlive/2016/texmf-dist/tex/latex/graphics/graphicx.sty
Package: graphicx 2014/10/28 v1.0g Enhanced LaTeX Graphics (DPC,SPQR)

(/usr/local/texlive/2016/texmf-dist/tex/latex/graphics/keyval.sty
Package: keyval 2014/10/28 v1.15 key=value parser (DPC)
\KV@toks@=\toks17
)
(/usr/local/texlive/2016/texmf-dist/tex/latex/graphics/graphics.sty
Package: graphics 2016/05/09 v1.0r Standard LaTeX Graphics (DPC,SPQR)

(/usr/local/texlive/2016/texmf-dist/tex/latex/graphics/trig.sty
Package: trig 2016/01/03 v1.10 sin cos tan (DPC)
)
(/usr/local/texlive/2016/texmf-dist/tex/latex/graphics-cfg/graphics.cfg
File: graphics.cfg 2016/01/02 v1.10 sample graphics configuration
)
Package graphics Info: Driver file: pdftex.def on input line 96.

(/usr/local/texlive/2016/texmf-dist/tex/latex/pdftex-def/pdftex.def
File: pdftex.def 2011/05/27 v0.06d Graphics/color for pdfTeX

(/usr/local/texlive/2016/texmf-dist/tex/generic/oberdiek/infwarerr.sty
Package: infwarerr 2016/05/16 v1.4 Providing info/warning/error messages (HO)
)
(/usr/local/texlive/2016/texmf-dist/tex/generic/oberdiek/ltxcmds.sty
Package: ltxcmds 2016/05/16 v1.23 LaTeX kernel commands for general use (HO)
)
\Gread@gobject=\count94
))
\Gin@req@height=\dimen111
\Gin@req@width=\dimen112
)
(/usr/local/texlive/2016/texmf-dist/tex/latex/enumitem/enumitem.sty
Package: enumitem 2011/09/28 v3.5.2 Customized lists
\labelindent=\skip50
\enit@outerparindent=\dimen113
\enit@toks=\toks18
\enit@inbox=\box30
\enitdp@description=\count95
)
\drop=\skip51


LaTeX Warning: Unused global option(s):
    [a3paper].

(./User Manual.aux)
\openout1 = `"User Manual.aux"'.

LaTeX Font Info:    Checking defaults for OML/cmm/m/it on input line 13.
LaTeX Font Info:    ... okay on input line 13.
LaTeX Font Info:    Checking defaults for T1/cmr/m/n on input line 13.
LaTeX Font Info:    ... okay on input line 13.
LaTeX Font Info:    Checking defaults for OT1/cmr/m/n on input line 13.
LaTeX Font Info:    ... okay on input line 13.
LaTeX Font Info:    Checking defaults for OMS/cmsy/m/n on input line 13.
LaTeX Font Info:    ... okay on input line 13.
LaTeX Font Info:    Checking defaults for OMX/cmex/m/n on input line 13.
LaTeX Font Info:    ... okay on input line 13.
LaTeX Font Info:    Checking defaults for U/cmr/m/n on input line 13.
LaTeX Font Info:    ... okay on input line 13.

(/usr/local/texlive/2016/texmf-dist/tex/context/base/mkii/supp-pdf.mkii
[Loading MPS to PDF converter (version 2006.09.02).]
\scratchcounter=\count96
\scratchdimen=\dimen114
\scratchbox=\box31
\nofMPsegments=\count97
\nofMParguments=\count98
\everyMPshowfont=\toks19
\MPscratchCnt=\count99
\MPscratchDim=\dimen115
\MPnumerator=\count100
\makeMPintoPDFobject=\count101
\everyMPtoPDFconversion=\toks20
) (/usr/local/texlive/2016/texmf-dist/tex/generic/oberdiek/pdftexcmds.sty
Package: pdftexcmds 2016/05/10 v0.21 Utility functions of pdfTeX for LuaTeX (HO
)

(/usr/local/texlive/2016/texmf-dist/tex/generic/oberdiek/ifluatex.sty
Package: ifluatex 2016/05/16 v1.4 Provides the ifluatex switch (HO)
Package ifluatex Info: LuaTeX not detected.
)
(/usr/local/texlive/2016/texmf-dist/tex/generic/oberdiek/ifpdf.sty
Package: ifpdf 2016/05/14 v3.1 Provides the ifpdf switch
)
Package pdftexcmds Info: LuaTeX not detected.
Package pdftexcmds Info: \pdf@primitive is available.
Package pdftexcmds Info: \pdf@ifprimitive is available.
Package pdftexcmds Info: \pdfdraftmode found.
)
(/usr/local/texlive/2016/texmf-dist/tex/latex/oberdiek/epstopdf-base.sty
Package: epstopdf-base 2016/05/15 v2.6 Base part for package epstopdf

(/usr/local/texlive/2016/texmf-dist/tex/latex/oberdiek/grfext.sty
Package: grfext 2016/05/16 v1.2 Manage graphics extensions (HO)

(/usr/local/texlive/2016/texmf-dist/tex/generic/oberdiek/kvdefinekeys.sty
Package: kvdefinekeys 2016/05/16 v1.4 Define keys (HO)
))
(/usr/local/texlive/2016/texmf-dist/tex/latex/oberdiek/kvoptions.sty
Package: kvoptions 2016/05/16 v3.12 Key value format for package options (HO)

(/usr/local/texlive/2016/texmf-dist/tex/generic/oberdiek/kvsetkeys.sty
Package: kvsetkeys 2016/05/16 v1.17 Key value parser (HO)

(/usr/local/texlive/2016/texmf-dist/tex/generic/oberdiek/etexcmds.sty
Package: etexcmds 2016/05/16 v1.6 Avoid name clashes with e-TeX commands (HO)
Package etexcmds Info: Could not find \expanded.
(etexcmds)             That can mean that you are not using pdfTeX 1.50 or
(etexcmds)             that some package has redefined \expanded.
(etexcmds)             In the latter case, load this package earlier.
)))
Package grfext Info: Graphics extension search list:
(grfext)             [.png,.pdf,.jpg,.mps,.jpeg,.jbig2,.jb2,.PNG,.PDF,.JPG,.JPE
G,.JBIG2,.JB2,.eps]
(grfext)             \AppendGraphicsExtensions on input line 456.

(/usr/local/texlive/2016/texmf-dist/tex/latex/latexconfig/epstopdf-sys.cfg
File: epstopdf-sys.cfg 2010/07/13 v1.3 Configuration of (r)epstopdf for TeX Liv
e
))
[1

{/usr/local/texlive/2016/texmf-var/fonts/map/pdftex/updmap/pdftex.map}]
(./User Manual.toc
LaTeX Font Info:    External font `cmex10' loaded for size
(Font)              <10.95> on input line 2.
LaTeX Font Info:    External font `cmex10' loaded for size
(Font)              <8> on input line 2.
LaTeX Font Info:    External font `cmex10' loaded for size
(Font)              <6> on input line 2.
)
\tf@toc=\write5
\openout5 = `"User Manual.toc"'.

\openout4 = `"User Manual.ver"'.

 [1]
\vh@hstfile=\write6
\openout6 = `"User Manual.hst"'.

 (./User Manual.ver) (./User Manual.ver)
(./User Manual.ver) [2]
LaTeX Font Info:    Try loading font information for OMS+cmr on input line 47.

(/usr/local/texlive/2016/texmf-dist/tex/latex/base/omscmr.fd
File: omscmr.fd 2014/09/29 v2.5h Standard LaTeX font definitions
)
LaTeX Font Info:    Font shape `OMS/cmr/m/n' in size <10.95> not available
(Font)              Font shape `OMS/cmsy/m/n' tried instead on input line 47.
 [3] [4] [5]
<MainPage.png, id=26, 839.135pt x 603.25375pt>
File: MainPage.png Graphic file (type png)
 <use MainPage.png>
Package pdftex.def Info: MainPage.png used on input line 85.
(pdftex.def)             Requested size: 256.07024pt x 182.09131pt.
 [6 <./MainPage.png>] <FileMenu.png, id=33, 835.12pt x 601.24625pt>
File: FileMenu.png Graphic file (type png)
 <use FileMenu.png>
Package pdftex.def Info: FileMenu.png used on input line 93.
(pdftex.def)             Requested size: 256.08109pt x 182.10002pt.

<OpenFile.png, id=34, 838.13126pt x 601.24625pt>
File: OpenFile.png Graphic file (type png)
 <use OpenFile.png>
Package pdftex.def Info: OpenFile.png used on input line 98.
(pdftex.def)             Requested size: 256.07088pt x 182.10002pt.
 [7

 <./FileMenu.png> <./OpenFile.png>] <SelectFile.png, id=40, 834.11626pt x 596.2
275pt>
File: SelectFile.png Graphic file (type png)

<use SelectFile.png>
Package pdftex.def Info: SelectFile.png used on input line 106.
(pdftex.def)             Requested size: 256.07877pt x 182.0993pt.
 <FibCode.png, id=41, 838.13126pt x 598.235pt>
File: FibCode.png Graphic file (type png)

<use FibCode.png>
Package pdftex.def Info: FibCode.png used on input line 113.
(pdftex.def)             Requested size: 256.07088pt x 182.10083pt.
 [8

 <./SelectFile.png> <./FibCode.png>]
<Assemble.png, id=47, 836.12375pt x 597.23125pt>
File: Assemble.png Graphic file (type png)
 <use Assemble.png>
Package pdftex.def Info: Assemble.png used on input line 131.
(pdftex.def)             Requested size: 227.61913pt x 163.31412pt.
 [9

 <./Assemble.png>] <Execute.png, id=52, 835.12pt x 599.23875pt>
File: Execute.png Graphic file (type png)
 <use Execute.png>
Package pdftex.def Info: Execute.png used on input line 160.
(pdftex.def)             Requested size: 227.61346pt x 163.31447pt.

[10 <./Execute.png>] <FailedStepTo.png, id=57, 840.13875pt x 599.23875pt>
File: FailedStepTo.png Graphic file (type png)

<use FailedStepTo.png>
Package pdftex.def Info: FailedStepTo.png used on input line 177.
(pdftex.def)             Requested size: 227.62248pt x 163.31447pt.
 <StepToClosedMenu.png, id=58, 834.11626pt x 596.2275pt>
File: StepToClosedMenu.png Graphic file (type png)

<use StepToClosedMenu.png>
Package pdftex.def Info: StepToClosedMenu.png used on input line 184.
(pdftex.def)             Requested size: 227.6199pt x 163.31258pt.

<StepToOpenMenu.png, id=59, 836.12375pt x 595.22375pt>
File: StepToOpenMenu.png Graphic file (type png)

<use StepToOpenMenu.png>
Package pdftex.def Info: StepToOpenMenu.png used on input line 191.
(pdftex.def)             Requested size: 227.61913pt x 163.3192pt.
 [11

 <./FailedStepTo.png> <./StepToClosedMenu.png>]
<AfterStepTo.png, id=65, 835.12pt x 597.23125pt>
File: AfterStepTo.png Graphic file (type png)
 <use AfterStepTo.png>
Package pdftex.def Info: AfterStepTo.png used on input line 198.
(pdftex.def)             Requested size: 227.61346pt x 163.31412pt.
 [12 <./StepToOpenMenu.png> <./AfterStepTo.png>]
<Save.png, id=72, 836.12375pt x 594.22pt>
File: Save.png Graphic file (type png)
 <use Save.png>
Package pdftex.def Info: Save.png used on input line 211.
(pdftex.def)             Requested size: 227.61913pt x 163.3158pt.

<SaveText.png, id=73, 837.1275pt x 596.2275pt>
File: SaveText.png Graphic file (type png)
 <use SaveText.png>
Package pdftex.def Info: SaveText.png used on input line 218.
(pdftex.def)             Requested size: 227.61136pt x 163.31258pt.
 [13

 <./Save.png> <./SaveText.png>] [14

] (./User Manual.aux) ) 
Here is how much of TeX's memory you used:
 2252 strings out of 493014
 33338 string characters out of 6133351
 96857 words of memory out of 5000000
 5743 multiletter control sequences out of 15000+600000
 9406 words of font info for 33 fonts, out of 8000000 for 9000
 1141 hyphenation exceptions out of 8191
 37i,6n,23p,538b,358s stack positions out of 5000i,500n,10000p,200000b,80000s
</usr/local/texlive/2016/texmf-dist/fonts/type1/public/a
msfonts/cm/cmbx10.pfb></usr/local/texlive/2016/texmf-dist/fonts/type1/public/am
sfonts/cm/cmbx12.pfb></usr/local/texlive/2016/texmf-dist/fonts/type1/public/ams
fonts/cm/cmcsc10.pfb></usr/local/texlive/2016/texmf-dist/fonts/type1/public/ams
fonts/cm/cmr10.pfb></usr/local/texlive/2016/texmf-dist/fonts/type1/public/amsfo
nts/cm/cmsy10.pfb>
Output written on "User Manual.pdf" (15 pages, 1065034 bytes).
PDF statistics:
 100 PDF objects out of 1000 (max. 8388607)
 51 compressed objects within 1 object stream
 0 named destinations out of 1000 (max. 500000)
 66 words of extra memory for PDF output out of 10000 (max. 10000000)

